Len: 23
openhtmltopdf-slf4j
elastic-job-lite-core
.
.
lib
lib
lib
lib
lib
lib
lib
lib
lib
lib
lib
lib
lib
lib
lib
lib
lib
lib
lib
*** openhtmltopdf-slf4j
[Before fix] Running victim openhtmltopdf-slf4j with type OD from project openhtmltopdf sha openhtmltopdf module 4a0612fab7b3a55e3e11d485233b063006d03b0f
git checkout projects/4a0612fab7b3a55e3e11d485233b063006d03b0f/openhtmltopdf/openhtmltopdf-slf4j/src/test/java/com/openhtmltopdf/slf4j/Slf4JLoggerTest.java

git stash
No local changes to save

OD openhtmltopdf openhtmltopdf com.openhtmltopdf.slf4j.Slf4JLoggerTest#testLoggerWarnLevel #openhtmltopdf-slf4j 4a0612fab7b3a55e3e11d485233b063006d03b0f /home/azureuser/flaky/projects/ BeforeFix 1 com.openhtmltopdf.slf4j.Slf4JLoggerTest.testLogger projects/4a0612fab7b3a55e3e11d485233b063006d03b0f/openhtmltopdf/openhtmltopdf-slf4j/src/test/java/com/openhtmltopdf/slf4j/Slf4JLoggerTest.java
RUNNING Surefire 1 time(s) on polluter com.openhtmltopdf.slf4j.Slf4JLoggerTest#testLoggerWarnLevel and victim #openhtmltopdf-slf4j with type OD from project openhtmltopdf sha openhtmltopdf module 4a0612fab7b3a55e3e11d485233b063006d03b0f               
STARTING at Thu Sep 21 03:07:43 UTC 2023
2b5ee59a65c0769bff95d3a7f5e63c7fa5d2183d
/home/azureuser/flaky/projects//openhtmltopdf/openhtmltopdf
java version:
CURRENT DIR /home/azureuser/flaky
mvn test -pl 4a0612fab7b3a55e3e11d485233b063006d03b0f -Dsurefire.runOrder=testorder -Dtest=com.openhtmltopdf.slf4j.Slf4JLoggerTest#testLoggerWarnLevel,#openhtmltopdf-slf4j -Drat.skip -Dcheckstyle.skip -Denforcer.skip=true -Dspotbugs.skip -Dmaven.test.failure.ignore=true -Djacoco.skip -Danimal.sniffer.skip -Dmaven.antrun.skip -Djacoco.skip --log-file /home/azureuser/flaky/output_run2/verify_patches_surefire_logs/openhtmltopdf_openhtmltopdf//BeforeFix/{1..1}.log
[INFO] Scanning for projects...
[ERROR] [ERROR] Could not find the selected project in the reactor: 4a0612fab7b3a55e3e11d485233b063006d03b0f @ 
[ERROR] Could not find the selected project in the reactor: 4a0612fab7b3a55e3e11d485233b063006d03b0f -> [Help 1]
[ERROR] 
[ERROR] To see the full stack trace of the errors, re-run Maven with the -e switch.
[ERROR] Re-run Maven using the -X switch to enable full debug logging.
[ERROR] 
[ERROR] For more information about the errors and possible solutions, please read the following articles:
[ERROR] [Help 1] http://cwiki.apache.org/confluence/display/MAVEN/MavenExecutionException
ENDING at Thu Sep 21 03:07:44 UTC 2023

get_line_location_msg
[]
[]
time: 0 openhtmltopdf-slf4j Could not find the selected project in the reactor: 4a0612fab7b3a55e3e11d485233b063006d03b0f @

To see the full stack trace of the errors, re-run Maven with the -e switch.
Re-run Maven using the -X switch to enable full debug logging. 
********** START #1 2023-09-21 03:07:44.532188 openhtmltopdf 4a0612fab7b3a55e3e11d485233b063006d03b0f openhtmltopdf-slf4j *************************************
ERROR 'NoneType' object is not subscriptable
*EXCEPTION*
[****BAD FIXES ***_other_exception_**] Fix test openhtmltopdf-slf4j with type OD from project openhtmltopdf sha openhtmltopdf module 4a0612fab7b3a55e3e11d485233b063006d03b0f                     
*********** END #1 2023-09-21 03:07:44.532336 openhtmltopdf 4a0612fab7b3a55e3e11d485233b063006d03b0f openhtmltopdf-slf4j *************************************
*** elastic-job-lite-core
[Before fix] Running victim elastic-job-lite-core with type OD-Vic from project shardingsphere-elasticjob sha shardingsphere-elasticjob module b022898ef1b8c984e17efb2a422ee45f6b13e46e
git checkout projects/b022898ef1b8c984e17efb2a422ee45f6b13e46e/shardingsphere-elasticjob/elastic-job-lite-core/src/test/java/io/elasticjob/lite/internal/instance/ShutdownListenerManagerTest.java

git stash
No local changes to save

OD-Vic shardingsphere-elasticjob shardingsphere-elasticjob io.elasticjob.lite.internal.instance.ShutdownListenerManagerTest#assertRemoveLocalInstancePath #elastic-job-lite-core b022898ef1b8c984e17efb2a422ee45f6b13e46e /home/azureuser/flaky/projects/ BeforeFix 1 io.elasticjob.lite.internal.instance.ShutdownListenerManagerTest.assertIsShutdownAlready projects/b022898ef1b8c984e17efb2a422ee45f6b13e46e/shardingsphere-elasticjob/elastic-job-lite-core/src/test/java/io/elasticjob/lite/internal/instance/ShutdownListenerManagerTest.java
RUNNING Surefire 1 time(s) on polluter io.elasticjob.lite.internal.instance.ShutdownListenerManagerTest#assertRemoveLocalInstancePath and victim #elastic-job-lite-core with type OD-Vic from project shardingsphere-elasticjob sha shardingsphere-elasticjob module b022898ef1b8c984e17efb2a422ee45f6b13e46e               
STARTING at Thu Sep 21 03:07:44 UTC 2023
2b5ee59a65c0769bff95d3a7f5e63c7fa5d2183d
/home/azureuser/flaky/projects//shardingsphere-elasticjob/shardingsphere-elasticjob
java version:
CURRENT DIR /home/azureuser/flaky
mvn test -pl b022898ef1b8c984e17efb2a422ee45f6b13e46e -Dsurefire.runOrder=testorder -Dtest=io.elasticjob.lite.internal.instance.ShutdownListenerManagerTest#assertRemoveLocalInstancePath,#elastic-job-lite-core -Drat.skip -Dcheckstyle.skip -Denforcer.skip=true -Dspotbugs.skip -Dmaven.test.failure.ignore=true -Djacoco.skip -Danimal.sniffer.skip -Dmaven.antrun.skip -Djacoco.skip --log-file /home/azureuser/flaky/output_run2/verify_patches_surefire_logs/shardingsphere-elasticjob_shardingsphere-elasticjob//BeforeFix/{1..1}.log
[INFO] Scanning for projects...
[ERROR] [ERROR] Could not find the selected project in the reactor: b022898ef1b8c984e17efb2a422ee45f6b13e46e @ 
[ERROR] Could not find the selected project in the reactor: b022898ef1b8c984e17efb2a422ee45f6b13e46e -> [Help 1]
[ERROR] 
[ERROR] To see the full stack trace of the errors, re-run Maven with the -e switch.
[ERROR] Re-run Maven using the -X switch to enable full debug logging.
[ERROR] 
[ERROR] For more information about the errors and possible solutions, please read the following articles:
[ERROR] [Help 1] http://cwiki.apache.org/confluence/display/MAVEN/MavenExecutionException
ENDING at Thu Sep 21 03:07:45 UTC 2023

get_line_location_msg
[]
[]
time: 0 elastic-job-lite-core Could not find the selected project in the reactor: b022898ef1b8c984e17efb2a422ee45f6b13e46e @

To see the full stack trace of the errors, re-run Maven with the -e switch.
Re-run Maven using the -X switch to enable full debug logging. 
********** START #2 2023-09-21 03:07:45.867608 shardingsphere-elasticjob b022898ef1b8c984e17efb2a422ee45f6b13e46e elastic-job-lite-core *************************************
ERROR 'NoneType' object is not subscriptable
*EXCEPTION*
[****BAD FIXES ***_other_exception_**] Fix test elastic-job-lite-core with type OD-Vic from project shardingsphere-elasticjob sha shardingsphere-elasticjob module b022898ef1b8c984e17efb2a422ee45f6b13e46e                     
*********** END #2 2023-09-21 03:07:45.867740 shardingsphere-elasticjob b022898ef1b8c984e17efb2a422ee45f6b13e46e elastic-job-lite-core *************************************
*** .
[Before fix] Running victim . with type OD from project remoting sha remoting module abf0455a68ad6c52a57e912bb89d51f883f77542
git checkout projects/abf0455a68ad6c52a57e912bb89d51f883f77542/remoting/src/test/java/hudson/remoting/DefaultClassFilterTest.java

git stash
No local changes to save

OD remoting remoting hudson.remoting.DefaultClassFilterTest#testDefaultsAreUsedIfOverridesAreGarbage # abf0455a68ad6c52a57e912bb89d51f883f77542 /home/azureuser/flaky/projects/ BeforeFix 1 hudson.remoting.DefaultClassFilterTest.testDefaultsNoOverride projects/abf0455a68ad6c52a57e912bb89d51f883f77542/remoting/src/test/java/hudson/remoting/DefaultClassFilterTest.java
RUNNING Surefire 1 time(s) on polluter hudson.remoting.DefaultClassFilterTest#testDefaultsAreUsedIfOverridesAreGarbage and victim # with type OD from project remoting sha remoting module abf0455a68ad6c52a57e912bb89d51f883f77542               
STARTING at Thu Sep 21 03:07:45 UTC 2023
2b5ee59a65c0769bff95d3a7f5e63c7fa5d2183d
/home/azureuser/flaky/projects//remoting/remoting
java version:
CURRENT DIR /home/azureuser/flaky
mvn test -pl abf0455a68ad6c52a57e912bb89d51f883f77542 -Dsurefire.runOrder=testorder -Dtest=hudson.remoting.DefaultClassFilterTest#testDefaultsAreUsedIfOverridesAreGarbage,# -Drat.skip -Dcheckstyle.skip -Denforcer.skip=true -Dspotbugs.skip -Dmaven.test.failure.ignore=true -Djacoco.skip -Danimal.sniffer.skip -Dmaven.antrun.skip -Djacoco.skip --log-file /home/azureuser/flaky/output_run2/verify_patches_surefire_logs/remoting_remoting//BeforeFix/{1..1}.log
[INFO] Scanning for projects...
[ERROR] [ERROR] Could not find the selected project in the reactor: abf0455a68ad6c52a57e912bb89d51f883f77542 @ 
[ERROR] Could not find the selected project in the reactor: abf0455a68ad6c52a57e912bb89d51f883f77542 -> [Help 1]
[ERROR] 
[ERROR] To see the full stack trace of the errors, re-run Maven with the -e switch.
[ERROR] Re-run Maven using the -X switch to enable full debug logging.
[ERROR] 
[ERROR] For more information about the errors and possible solutions, please read the following articles:
[ERROR] [Help 1] http://cwiki.apache.org/confluence/display/MAVEN/MavenExecutionException
ENDING at Thu Sep 21 03:07:47 UTC 2023

get_line_location_msg
[]
[]
time: 0 . Could not find the selected project in the reactor: abf0455a68ad6c52a57e912bb89d51f883f77542 @

To see the full stack trace of the errors, re-run Maven with the -e switch
Re-run Maven using the -X switch to enable full debug logging 
********** START #3 2023-09-21 03:07:47.237597 remoting abf0455a68ad6c52a57e912bb89d51f883f77542 . *************************************
ERROR 'NoneType' object is not subscriptable
*EXCEPTION*
[****BAD FIXES ***_other_exception_**] Fix test . with type OD from project remoting sha remoting module abf0455a68ad6c52a57e912bb89d51f883f77542                     
*********** END #3 2023-09-21 03:07:47.237720 remoting abf0455a68ad6c52a57e912bb89d51f883f77542 . *************************************
*** .
[Before fix] Running victim . with type OD from project remoting sha remoting module abf0455a68ad6c52a57e912bb89d51f883f77542
git checkout projects/abf0455a68ad6c52a57e912bb89d51f883f77542/remoting/src/test/java/hudson/remoting/DefaultClassFilterTest.java

git stash
No local changes to save

OD remoting remoting hudson.remoting.DefaultClassFilterTest#testDefaultsAreUsedIfOverridesAreGarbage # abf0455a68ad6c52a57e912bb89d51f883f77542 /home/azureuser/flaky/projects/ BeforeFix 1 hudson.remoting.DefaultClassFilterTest.testDefaultsOverrideExists projects/abf0455a68ad6c52a57e912bb89d51f883f77542/remoting/src/test/java/hudson/remoting/DefaultClassFilterTest.java
RUNNING Surefire 1 time(s) on polluter hudson.remoting.DefaultClassFilterTest#testDefaultsAreUsedIfOverridesAreGarbage and victim # with type OD from project remoting sha remoting module abf0455a68ad6c52a57e912bb89d51f883f77542               
STARTING at Thu Sep 21 03:07:47 UTC 2023
2b5ee59a65c0769bff95d3a7f5e63c7fa5d2183d
/home/azureuser/flaky/projects//remoting/remoting
java version:
CURRENT DIR /home/azureuser/flaky
mvn test -pl abf0455a68ad6c52a57e912bb89d51f883f77542 -Dsurefire.runOrder=testorder -Dtest=hudson.remoting.DefaultClassFilterTest#testDefaultsAreUsedIfOverridesAreGarbage,# -Drat.skip -Dcheckstyle.skip -Denforcer.skip=true -Dspotbugs.skip -Dmaven.test.failure.ignore=true -Djacoco.skip -Danimal.sniffer.skip -Dmaven.antrun.skip -Djacoco.skip --log-file /home/azureuser/flaky/output_run2/verify_patches_surefire_logs/remoting_remoting//BeforeFix/{1..1}.log
[INFO] Scanning for projects...
[ERROR] [ERROR] Could not find the selected project in the reactor: abf0455a68ad6c52a57e912bb89d51f883f77542 @ 
[ERROR] Could not find the selected project in the reactor: abf0455a68ad6c52a57e912bb89d51f883f77542 -> [Help 1]
[ERROR] 
[ERROR] To see the full stack trace of the errors, re-run Maven with the -e switch.
[ERROR] Re-run Maven using the -X switch to enable full debug logging.
[ERROR] 
[ERROR] For more information about the errors and possible solutions, please read the following articles:
[ERROR] [Help 1] http://cwiki.apache.org/confluence/display/MAVEN/MavenExecutionException
ENDING at Thu Sep 21 03:07:48 UTC 2023

get_line_location_msg
[]
[]
time: 0 . Could not find the selected project in the reactor: abf0455a68ad6c52a57e912bb89d51f883f77542 @

To see the full stack trace of the errors, re-run Maven with the -e switch
Re-run Maven using the -X switch to enable full debug logging 
********** START #4 2023-09-21 03:07:48.584990 remoting abf0455a68ad6c52a57e912bb89d51f883f77542 . *************************************
ERROR 'NoneType' object is not subscriptable
*EXCEPTION*
[****BAD FIXES ***_other_exception_**] Fix test . with type OD from project remoting sha remoting module abf0455a68ad6c52a57e912bb89d51f883f77542                     
*********** END #4 2023-09-21 03:07:48.585124 remoting abf0455a68ad6c52a57e912bb89d51f883f77542 . *************************************
*** lib
[Before fix] Running victim lib with type OD-Vic from project http-request sha http-request module 2d62a3e9da726942a93cf16b6e91c0187e6c0136
git checkout projects/2d62a3e9da726942a93cf16b6e91c0187e6c0136/http-request/lib/src/test/java/com/github/kevinsawicki/http/HttpRequestTest.java

git stash
No local changes to save

OD-Vic http-request http-request com.github.kevinsawicki.http.HttpRequestTest#customConnectionFactory #lib 2d62a3e9da726942a93cf16b6e91c0187e6c0136 /home/azureuser/flaky/projects/ BeforeFix 1 com.github.kevinsawicki.http.HttpRequestTest.basicProxyAuthentication projects/2d62a3e9da726942a93cf16b6e91c0187e6c0136/http-request/lib/src/test/java/com/github/kevinsawicki/http/HttpRequestTest.java
RUNNING Surefire 1 time(s) on polluter com.github.kevinsawicki.http.HttpRequestTest#customConnectionFactory and victim #lib with type OD-Vic from project http-request sha http-request module 2d62a3e9da726942a93cf16b6e91c0187e6c0136               
STARTING at Thu Sep 21 03:07:48 UTC 2023
2b5ee59a65c0769bff95d3a7f5e63c7fa5d2183d
/home/azureuser/flaky/projects//http-request/http-request
java version:
CURRENT DIR /home/azureuser/flaky
mvn test -pl 2d62a3e9da726942a93cf16b6e91c0187e6c0136 -Dsurefire.runOrder=testorder -Dtest=com.github.kevinsawicki.http.HttpRequestTest#customConnectionFactory,#lib -Drat.skip -Dcheckstyle.skip -Denforcer.skip=true -Dspotbugs.skip -Dmaven.test.failure.ignore=true -Djacoco.skip -Danimal.sniffer.skip -Dmaven.antrun.skip -Djacoco.skip --log-file /home/azureuser/flaky/output_run2/verify_patches_surefire_logs/http-request_http-request//BeforeFix/{1..1}.log
[INFO] Scanning for projects...
[ERROR] [ERROR] Could not find the selected project in the reactor: 2d62a3e9da726942a93cf16b6e91c0187e6c0136 @ 
[ERROR] Could not find the selected project in the reactor: 2d62a3e9da726942a93cf16b6e91c0187e6c0136 -> [Help 1]
[ERROR] 
[ERROR] To see the full stack trace of the errors, re-run Maven with the -e switch.
[ERROR] Re-run Maven using the -X switch to enable full debug logging.
[ERROR] 
[ERROR] For more information about the errors and possible solutions, please read the following articles:
[ERROR] [Help 1] http://cwiki.apache.org/confluence/display/MAVEN/MavenExecutionException
ENDING at Thu Sep 21 03:07:49 UTC 2023

get_line_location_msg
[]
[]
time: 0 lib Could not find the selected project in the reactor: 2d62a3e9da726942a93cf16b6e91c0187e6c0136 @

To see the full stack trace of the errors, re-run Maven with the -e switch.
Re-run Maven using the -X switch to enable full debug logging. 
********** START #5 2023-09-21 03:07:50.188599 http-request 2d62a3e9da726942a93cf16b6e91c0187e6c0136 lib *************************************
ERROR 'NoneType' object is not subscriptable
*EXCEPTION*
[****BAD FIXES ***_other_exception_**] Fix test lib with type OD-Vic from project http-request sha http-request module 2d62a3e9da726942a93cf16b6e91c0187e6c0136                     
*********** END #5 2023-09-21 03:07:50.188798 http-request 2d62a3e9da726942a93cf16b6e91c0187e6c0136 lib *************************************
*** lib
[Before fix] Running victim lib with type OD-Vic from project http-request sha http-request module 2d62a3e9da726942a93cf16b6e91c0187e6c0136
git checkout projects/2d62a3e9da726942a93cf16b6e91c0187e6c0136/http-request/lib/src/test/java/com/github/kevinsawicki/http/HttpRequestTest.java

git stash
No local changes to save

OD-Vic http-request http-request com.github.kevinsawicki.http.HttpRequestTest#customConnectionFactory #lib 2d62a3e9da726942a93cf16b6e91c0187e6c0136 /home/azureuser/flaky/projects/ BeforeFix 1 com.github.kevinsawicki.http.HttpRequestTest.deleteWithEscapedMappedQueryParams projects/2d62a3e9da726942a93cf16b6e91c0187e6c0136/http-request/lib/src/test/java/com/github/kevinsawicki/http/HttpRequestTest.java
RUNNING Surefire 1 time(s) on polluter com.github.kevinsawicki.http.HttpRequestTest#customConnectionFactory and victim #lib with type OD-Vic from project http-request sha http-request module 2d62a3e9da726942a93cf16b6e91c0187e6c0136               
STARTING at Thu Sep 21 03:07:50 UTC 2023
2b5ee59a65c0769bff95d3a7f5e63c7fa5d2183d
/home/azureuser/flaky/projects//http-request/http-request
java version:
CURRENT DIR /home/azureuser/flaky
mvn test -pl 2d62a3e9da726942a93cf16b6e91c0187e6c0136 -Dsurefire.runOrder=testorder -Dtest=com.github.kevinsawicki.http.HttpRequestTest#customConnectionFactory,#lib -Drat.skip -Dcheckstyle.skip -Denforcer.skip=true -Dspotbugs.skip -Dmaven.test.failure.ignore=true -Djacoco.skip -Danimal.sniffer.skip -Dmaven.antrun.skip -Djacoco.skip --log-file /home/azureuser/flaky/output_run2/verify_patches_surefire_logs/http-request_http-request//BeforeFix/{1..1}.log
[INFO] Scanning for projects...
[ERROR] [ERROR] Could not find the selected project in the reactor: 2d62a3e9da726942a93cf16b6e91c0187e6c0136 @ 
[ERROR] Could not find the selected project in the reactor: 2d62a3e9da726942a93cf16b6e91c0187e6c0136 -> [Help 1]
[ERROR] 
[ERROR] To see the full stack trace of the errors, re-run Maven with the -e switch.
[ERROR] Re-run Maven using the -X switch to enable full debug logging.
[ERROR] 
[ERROR] For more information about the errors and possible solutions, please read the following articles:
[ERROR] [Help 1] http://cwiki.apache.org/confluence/display/MAVEN/MavenExecutionException
ENDING at Thu Sep 21 03:07:51 UTC 2023

get_line_location_msg
[]
[]
time: 0 lib Could not find the selected project in the reactor: 2d62a3e9da726942a93cf16b6e91c0187e6c0136 @

To see the full stack trace of the errors, re-run Maven with the -e switch.
Re-run Maven using the -X switch to enable full debug logging. 
********** START #6 2023-09-21 03:07:51.933085 http-request 2d62a3e9da726942a93cf16b6e91c0187e6c0136 lib *************************************
ERROR 'NoneType' object is not subscriptable
*EXCEPTION*
[****BAD FIXES ***_other_exception_**] Fix test lib with type OD-Vic from project http-request sha http-request module 2d62a3e9da726942a93cf16b6e91c0187e6c0136                     
*********** END #6 2023-09-21 03:07:51.933277 http-request 2d62a3e9da726942a93cf16b6e91c0187e6c0136 lib *************************************
*** lib
[Before fix] Running victim lib with type OD-Vic from project http-request sha http-request module 2d62a3e9da726942a93cf16b6e91c0187e6c0136
git checkout projects/2d62a3e9da726942a93cf16b6e91c0187e6c0136/http-request/lib/src/test/java/com/github/kevinsawicki/http/HttpRequestTest.java

git stash
No local changes to save

OD-Vic http-request http-request com.github.kevinsawicki.http.HttpRequestTest#customConnectionFactory #lib 2d62a3e9da726942a93cf16b6e91c0187e6c0136 /home/azureuser/flaky/projects/ BeforeFix 1 com.github.kevinsawicki.http.HttpRequestTest.deleteWithEscapedVarargsQueryParams projects/2d62a3e9da726942a93cf16b6e91c0187e6c0136/http-request/lib/src/test/java/com/github/kevinsawicki/http/HttpRequestTest.java
RUNNING Surefire 1 time(s) on polluter com.github.kevinsawicki.http.HttpRequestTest#customConnectionFactory and victim #lib with type OD-Vic from project http-request sha http-request module 2d62a3e9da726942a93cf16b6e91c0187e6c0136               
STARTING at Thu Sep 21 03:07:51 UTC 2023
2b5ee59a65c0769bff95d3a7f5e63c7fa5d2183d
/home/azureuser/flaky/projects//http-request/http-request
java version:
CURRENT DIR /home/azureuser/flaky
mvn test -pl 2d62a3e9da726942a93cf16b6e91c0187e6c0136 -Dsurefire.runOrder=testorder -Dtest=com.github.kevinsawicki.http.HttpRequestTest#customConnectionFactory,#lib -Drat.skip -Dcheckstyle.skip -Denforcer.skip=true -Dspotbugs.skip -Dmaven.test.failure.ignore=true -Djacoco.skip -Danimal.sniffer.skip -Dmaven.antrun.skip -Djacoco.skip --log-file /home/azureuser/flaky/output_run2/verify_patches_surefire_logs/http-request_http-request//BeforeFix/{1..1}.log
[INFO] Scanning for projects...
[ERROR] [ERROR] Could not find the selected project in the reactor: 2d62a3e9da726942a93cf16b6e91c0187e6c0136 @ 
[ERROR] Could not find the selected project in the reactor: 2d62a3e9da726942a93cf16b6e91c0187e6c0136 -> [Help 1]
[ERROR] 
[ERROR] To see the full stack trace of the errors, re-run Maven with the -e switch.
[ERROR] Re-run Maven using the -X switch to enable full debug logging.
[ERROR] 
[ERROR] For more information about the errors and possible solutions, please read the following articles:
[ERROR] [Help 1] http://cwiki.apache.org/confluence/display/MAVEN/MavenExecutionException
ENDING at Thu Sep 21 03:07:53 UTC 2023

get_line_location_msg
[]
[]
time: 0 lib Could not find the selected project in the reactor: 2d62a3e9da726942a93cf16b6e91c0187e6c0136 @

To see the full stack trace of the errors, re-run Maven with the -e switch.
Re-run Maven using the -X switch to enable full debug logging. 
********** START #7 2023-09-21 03:07:53.584554 http-request 2d62a3e9da726942a93cf16b6e91c0187e6c0136 lib *************************************
ERROR 'NoneType' object is not subscriptable
*EXCEPTION*
[****BAD FIXES ***_other_exception_**] Fix test lib with type OD-Vic from project http-request sha http-request module 2d62a3e9da726942a93cf16b6e91c0187e6c0136                     
*********** END #7 2023-09-21 03:07:53.584766 http-request 2d62a3e9da726942a93cf16b6e91c0187e6c0136 lib *************************************
*** lib
[Before fix] Running victim lib with type OD-Vic from project http-request sha http-request module 2d62a3e9da726942a93cf16b6e91c0187e6c0136
git checkout projects/2d62a3e9da726942a93cf16b6e91c0187e6c0136/http-request/lib/src/test/java/com/github/kevinsawicki/http/HttpRequestTest.java

git stash
No local changes to save

OD-Vic http-request http-request com.github.kevinsawicki.http.HttpRequestTest#customConnectionFactory #lib 2d62a3e9da726942a93cf16b6e91c0187e6c0136 /home/azureuser/flaky/projects/ BeforeFix 1 com.github.kevinsawicki.http.HttpRequestTest.deleteWithMappedQueryParams projects/2d62a3e9da726942a93cf16b6e91c0187e6c0136/http-request/lib/src/test/java/com/github/kevinsawicki/http/HttpRequestTest.java
RUNNING Surefire 1 time(s) on polluter com.github.kevinsawicki.http.HttpRequestTest#customConnectionFactory and victim #lib with type OD-Vic from project http-request sha http-request module 2d62a3e9da726942a93cf16b6e91c0187e6c0136               
STARTING at Thu Sep 21 03:07:53 UTC 2023
2b5ee59a65c0769bff95d3a7f5e63c7fa5d2183d
/home/azureuser/flaky/projects//http-request/http-request
java version:
CURRENT DIR /home/azureuser/flaky
mvn test -pl 2d62a3e9da726942a93cf16b6e91c0187e6c0136 -Dsurefire.runOrder=testorder -Dtest=com.github.kevinsawicki.http.HttpRequestTest#customConnectionFactory,#lib -Drat.skip -Dcheckstyle.skip -Denforcer.skip=true -Dspotbugs.skip -Dmaven.test.failure.ignore=true -Djacoco.skip -Danimal.sniffer.skip -Dmaven.antrun.skip -Djacoco.skip --log-file /home/azureuser/flaky/output_run2/verify_patches_surefire_logs/http-request_http-request//BeforeFix/{1..1}.log
[INFO] Scanning for projects...
[ERROR] [ERROR] Could not find the selected project in the reactor: 2d62a3e9da726942a93cf16b6e91c0187e6c0136 @ 
[ERROR] Could not find the selected project in the reactor: 2d62a3e9da726942a93cf16b6e91c0187e6c0136 -> [Help 1]
[ERROR] 
[ERROR] To see the full stack trace of the errors, re-run Maven with the -e switch.
[ERROR] Re-run Maven using the -X switch to enable full debug logging.
[ERROR] 
[ERROR] For more information about the errors and possible solutions, please read the following articles:
[ERROR] [Help 1] http://cwiki.apache.org/confluence/display/MAVEN/MavenExecutionException
ENDING at Thu Sep 21 03:07:54 UTC 2023

get_line_location_msg
[]
[]
time: 0 lib Could not find the selected project in the reactor: 2d62a3e9da726942a93cf16b6e91c0187e6c0136 @

To see the full stack trace of the errors, re-run Maven with the -e switch.
Re-run Maven using the -X switch to enable full debug logging. 
********** START #8 2023-09-21 03:07:55.132290 http-request 2d62a3e9da726942a93cf16b6e91c0187e6c0136 lib *************************************
ERROR 'NoneType' object is not subscriptable
*EXCEPTION*
[****BAD FIXES ***_other_exception_**] Fix test lib with type OD-Vic from project http-request sha http-request module 2d62a3e9da726942a93cf16b6e91c0187e6c0136                     
*********** END #8 2023-09-21 03:07:55.132500 http-request 2d62a3e9da726942a93cf16b6e91c0187e6c0136 lib *************************************
*** lib
[Before fix] Running victim lib with type OD-Vic from project http-request sha http-request module 2d62a3e9da726942a93cf16b6e91c0187e6c0136
git checkout projects/2d62a3e9da726942a93cf16b6e91c0187e6c0136/http-request/lib/src/test/java/com/github/kevinsawicki/http/HttpRequestTest.java

git stash
No local changes to save

OD-Vic http-request http-request com.github.kevinsawicki.http.HttpRequestTest#customConnectionFactory #lib 2d62a3e9da726942a93cf16b6e91c0187e6c0136 /home/azureuser/flaky/projects/ BeforeFix 1 com.github.kevinsawicki.http.HttpRequestTest.deleteWithVarargsQueryParams projects/2d62a3e9da726942a93cf16b6e91c0187e6c0136/http-request/lib/src/test/java/com/github/kevinsawicki/http/HttpRequestTest.java
RUNNING Surefire 1 time(s) on polluter com.github.kevinsawicki.http.HttpRequestTest#customConnectionFactory and victim #lib with type OD-Vic from project http-request sha http-request module 2d62a3e9da726942a93cf16b6e91c0187e6c0136               
STARTING at Thu Sep 21 03:07:55 UTC 2023
2b5ee59a65c0769bff95d3a7f5e63c7fa5d2183d
/home/azureuser/flaky/projects//http-request/http-request
java version:
CURRENT DIR /home/azureuser/flaky
mvn test -pl 2d62a3e9da726942a93cf16b6e91c0187e6c0136 -Dsurefire.runOrder=testorder -Dtest=com.github.kevinsawicki.http.HttpRequestTest#customConnectionFactory,#lib -Drat.skip -Dcheckstyle.skip -Denforcer.skip=true -Dspotbugs.skip -Dmaven.test.failure.ignore=true -Djacoco.skip -Danimal.sniffer.skip -Dmaven.antrun.skip -Djacoco.skip --log-file /home/azureuser/flaky/output_run2/verify_patches_surefire_logs/http-request_http-request//BeforeFix/{1..1}.log
[INFO] Scanning for projects...
[ERROR] [ERROR] Could not find the selected project in the reactor: 2d62a3e9da726942a93cf16b6e91c0187e6c0136 @ 
[ERROR] Could not find the selected project in the reactor: 2d62a3e9da726942a93cf16b6e91c0187e6c0136 -> [Help 1]
[ERROR] 
[ERROR] To see the full stack trace of the errors, re-run Maven with the -e switch.
[ERROR] Re-run Maven using the -X switch to enable full debug logging.
[ERROR] 
[ERROR] For more information about the errors and possible solutions, please read the following articles:
[ERROR] [Help 1] http://cwiki.apache.org/confluence/display/MAVEN/MavenExecutionException
ENDING at Thu Sep 21 03:07:56 UTC 2023

get_line_location_msg
[]
[]
time: 0 lib Could not find the selected project in the reactor: 2d62a3e9da726942a93cf16b6e91c0187e6c0136 @

To see the full stack trace of the errors, re-run Maven with the -e switch.
Re-run Maven using the -X switch to enable full debug logging. 
********** START #9 2023-09-21 03:07:56.705119 http-request 2d62a3e9da726942a93cf16b6e91c0187e6c0136 lib *************************************
ERROR 'NoneType' object is not subscriptable
*EXCEPTION*
[****BAD FIXES ***_other_exception_**] Fix test lib with type OD-Vic from project http-request sha http-request module 2d62a3e9da726942a93cf16b6e91c0187e6c0136                     
*********** END #9 2023-09-21 03:07:56.705325 http-request 2d62a3e9da726942a93cf16b6e91c0187e6c0136 lib *************************************
*** lib
[Before fix] Running victim lib with type OD-Vic from project http-request sha http-request module 2d62a3e9da726942a93cf16b6e91c0187e6c0136
git checkout projects/2d62a3e9da726942a93cf16b6e91c0187e6c0136/http-request/lib/src/test/java/com/github/kevinsawicki/http/HttpRequestTest.java

git stash
No local changes to save

OD-Vic http-request http-request com.github.kevinsawicki.http.HttpRequestTest#customConnectionFactory #lib 2d62a3e9da726942a93cf16b6e91c0187e6c0136 /home/azureuser/flaky/projects/ BeforeFix 1 com.github.kevinsawicki.http.HttpRequestTest.getUrlEncodedWithPercent projects/2d62a3e9da726942a93cf16b6e91c0187e6c0136/http-request/lib/src/test/java/com/github/kevinsawicki/http/HttpRequestTest.java
RUNNING Surefire 1 time(s) on polluter com.github.kevinsawicki.http.HttpRequestTest#customConnectionFactory and victim #lib with type OD-Vic from project http-request sha http-request module 2d62a3e9da726942a93cf16b6e91c0187e6c0136               
STARTING at Thu Sep 21 03:07:56 UTC 2023
2b5ee59a65c0769bff95d3a7f5e63c7fa5d2183d
/home/azureuser/flaky/projects//http-request/http-request
java version:
CURRENT DIR /home/azureuser/flaky
mvn test -pl 2d62a3e9da726942a93cf16b6e91c0187e6c0136 -Dsurefire.runOrder=testorder -Dtest=com.github.kevinsawicki.http.HttpRequestTest#customConnectionFactory,#lib -Drat.skip -Dcheckstyle.skip -Denforcer.skip=true -Dspotbugs.skip -Dmaven.test.failure.ignore=true -Djacoco.skip -Danimal.sniffer.skip -Dmaven.antrun.skip -Djacoco.skip --log-file /home/azureuser/flaky/output_run2/verify_patches_surefire_logs/http-request_http-request//BeforeFix/{1..1}.log
[INFO] Scanning for projects...
[ERROR] [ERROR] Could not find the selected project in the reactor: 2d62a3e9da726942a93cf16b6e91c0187e6c0136 @ 
[ERROR] Could not find the selected project in the reactor: 2d62a3e9da726942a93cf16b6e91c0187e6c0136 -> [Help 1]
[ERROR] 
[ERROR] To see the full stack trace of the errors, re-run Maven with the -e switch.
[ERROR] Re-run Maven using the -X switch to enable full debug logging.
[ERROR] 
[ERROR] For more information about the errors and possible solutions, please read the following articles:
[ERROR] [Help 1] http://cwiki.apache.org/confluence/display/MAVEN/MavenExecutionException
ENDING at Thu Sep 21 03:07:57 UTC 2023

get_line_location_msg
[]
[]
time: 0 lib Could not find the selected project in the reactor: 2d62a3e9da726942a93cf16b6e91c0187e6c0136 @

To see the full stack trace of the errors, re-run Maven with the -e switch.
Re-run Maven using the -X switch to enable full debug logging. 
********** START #10 2023-09-21 03:07:58.283572 http-request 2d62a3e9da726942a93cf16b6e91c0187e6c0136 lib *************************************
ERROR 'NoneType' object is not subscriptable
*EXCEPTION*
[****BAD FIXES ***_other_exception_**] Fix test lib with type OD-Vic from project http-request sha http-request module 2d62a3e9da726942a93cf16b6e91c0187e6c0136                     
*********** END #10 2023-09-21 03:07:58.283781 http-request 2d62a3e9da726942a93cf16b6e91c0187e6c0136 lib *************************************
*** lib
[Before fix] Running victim lib with type OD-Vic from project http-request sha http-request module 2d62a3e9da726942a93cf16b6e91c0187e6c0136
git checkout projects/2d62a3e9da726942a93cf16b6e91c0187e6c0136/http-request/lib/src/test/java/com/github/kevinsawicki/http/HttpRequestTest.java

git stash
No local changes to save

OD-Vic http-request http-request com.github.kevinsawicki.http.HttpRequestTest#customConnectionFactory #lib 2d62a3e9da726942a93cf16b6e91c0187e6c0136 /home/azureuser/flaky/projects/ BeforeFix 1 com.github.kevinsawicki.http.HttpRequestTest.getUrlEncodedWithSpace projects/2d62a3e9da726942a93cf16b6e91c0187e6c0136/http-request/lib/src/test/java/com/github/kevinsawicki/http/HttpRequestTest.java
RUNNING Surefire 1 time(s) on polluter com.github.kevinsawicki.http.HttpRequestTest#customConnectionFactory and victim #lib with type OD-Vic from project http-request sha http-request module 2d62a3e9da726942a93cf16b6e91c0187e6c0136               
STARTING at Thu Sep 21 03:07:58 UTC 2023
2b5ee59a65c0769bff95d3a7f5e63c7fa5d2183d
/home/azureuser/flaky/projects//http-request/http-request
java version:
CURRENT DIR /home/azureuser/flaky
mvn test -pl 2d62a3e9da726942a93cf16b6e91c0187e6c0136 -Dsurefire.runOrder=testorder -Dtest=com.github.kevinsawicki.http.HttpRequestTest#customConnectionFactory,#lib -Drat.skip -Dcheckstyle.skip -Denforcer.skip=true -Dspotbugs.skip -Dmaven.test.failure.ignore=true -Djacoco.skip -Danimal.sniffer.skip -Dmaven.antrun.skip -Djacoco.skip --log-file /home/azureuser/flaky/output_run2/verify_patches_surefire_logs/http-request_http-request//BeforeFix/{1..1}.log
[INFO] Scanning for projects...
[ERROR] [ERROR] Could not find the selected project in the reactor: 2d62a3e9da726942a93cf16b6e91c0187e6c0136 @ 
[ERROR] Could not find the selected project in the reactor: 2d62a3e9da726942a93cf16b6e91c0187e6c0136 -> [Help 1]
[ERROR] 
[ERROR] To see the full stack trace of the errors, re-run Maven with the -e switch.
[ERROR] Re-run Maven using the -X switch to enable full debug logging.
[ERROR] 
[ERROR] For more information about the errors and possible solutions, please read the following articles:
[ERROR] [Help 1] http://cwiki.apache.org/confluence/display/MAVEN/MavenExecutionException
ENDING at Thu Sep 21 03:07:59 UTC 2023

get_line_location_msg
[]
[]
time: 0 lib Could not find the selected project in the reactor: 2d62a3e9da726942a93cf16b6e91c0187e6c0136 @

To see the full stack trace of the errors, re-run Maven with the -e switch.
Re-run Maven using the -X switch to enable full debug logging. 
********** START #11 2023-09-21 03:08:00.223618 http-request 2d62a3e9da726942a93cf16b6e91c0187e6c0136 lib *************************************
ERROR 'NoneType' object is not subscriptable
*EXCEPTION*
[****BAD FIXES ***_other_exception_**] Fix test lib with type OD-Vic from project http-request sha http-request module 2d62a3e9da726942a93cf16b6e91c0187e6c0136                     
*********** END #11 2023-09-21 03:08:00.223831 http-request 2d62a3e9da726942a93cf16b6e91c0187e6c0136 lib *************************************
*** lib
[Before fix] Running victim lib with type OD-Vic from project http-request sha http-request module 2d62a3e9da726942a93cf16b6e91c0187e6c0136
git checkout projects/2d62a3e9da726942a93cf16b6e91c0187e6c0136/http-request/lib/src/test/java/com/github/kevinsawicki/http/HttpRequestTest.java

git stash
No local changes to save

OD-Vic http-request http-request com.github.kevinsawicki.http.HttpRequestTest#customConnectionFactory #lib 2d62a3e9da726942a93cf16b6e91c0187e6c0136 /home/azureuser/flaky/projects/ BeforeFix 1 com.github.kevinsawicki.http.HttpRequestTest.getUrlEncodedWithUnicode projects/2d62a3e9da726942a93cf16b6e91c0187e6c0136/http-request/lib/src/test/java/com/github/kevinsawicki/http/HttpRequestTest.java
RUNNING Surefire 1 time(s) on polluter com.github.kevinsawicki.http.HttpRequestTest#customConnectionFactory and victim #lib with type OD-Vic from project http-request sha http-request module 2d62a3e9da726942a93cf16b6e91c0187e6c0136               
STARTING at Thu Sep 21 03:08:00 UTC 2023
2b5ee59a65c0769bff95d3a7f5e63c7fa5d2183d
/home/azureuser/flaky/projects//http-request/http-request
java version:
CURRENT DIR /home/azureuser/flaky
mvn test -pl 2d62a3e9da726942a93cf16b6e91c0187e6c0136 -Dsurefire.runOrder=testorder -Dtest=com.github.kevinsawicki.http.HttpRequestTest#customConnectionFactory,#lib -Drat.skip -Dcheckstyle.skip -Denforcer.skip=true -Dspotbugs.skip -Dmaven.test.failure.ignore=true -Djacoco.skip -Danimal.sniffer.skip -Dmaven.antrun.skip -Djacoco.skip --log-file /home/azureuser/flaky/output_run2/verify_patches_surefire_logs/http-request_http-request//BeforeFix/{1..1}.log
[INFO] Scanning for projects...
[ERROR] [ERROR] Could not find the selected project in the reactor: 2d62a3e9da726942a93cf16b6e91c0187e6c0136 @ 
[ERROR] Could not find the selected project in the reactor: 2d62a3e9da726942a93cf16b6e91c0187e6c0136 -> [Help 1]
[ERROR] 
[ERROR] To see the full stack trace of the errors, re-run Maven with the -e switch.
[ERROR] Re-run Maven using the -X switch to enable full debug logging.
[ERROR] 
[ERROR] For more information about the errors and possible solutions, please read the following articles:
[ERROR] [Help 1] http://cwiki.apache.org/confluence/display/MAVEN/MavenExecutionException
ENDING at Thu Sep 21 03:08:01 UTC 2023

get_line_location_msg
[]
[]
time: 0 lib Could not find the selected project in the reactor: 2d62a3e9da726942a93cf16b6e91c0187e6c0136 @

To see the full stack trace of the errors, re-run Maven with the -e switch.
Re-run Maven using the -X switch to enable full debug logging. 
********** START #12 2023-09-21 03:08:02.290477 http-request 2d62a3e9da726942a93cf16b6e91c0187e6c0136 lib *************************************
ERROR 'NoneType' object is not subscriptable
*EXCEPTION*
[****BAD FIXES ***_other_exception_**] Fix test lib with type OD-Vic from project http-request sha http-request module 2d62a3e9da726942a93cf16b6e91c0187e6c0136                     
*********** END #12 2023-09-21 03:08:02.290719 http-request 2d62a3e9da726942a93cf16b6e91c0187e6c0136 lib *************************************
*** lib
[Before fix] Running victim lib with type OD-Vic from project http-request sha http-request module 2d62a3e9da726942a93cf16b6e91c0187e6c0136
git checkout projects/2d62a3e9da726942a93cf16b6e91c0187e6c0136/http-request/lib/src/test/java/com/github/kevinsawicki/http/HttpRequestTest.java

git stash
No local changes to save

OD-Vic http-request http-request com.github.kevinsawicki.http.HttpRequestTest#customConnectionFactory #lib 2d62a3e9da726942a93cf16b6e91c0187e6c0136 /home/azureuser/flaky/projects/ BeforeFix 1 com.github.kevinsawicki.http.HttpRequestTest.getWithEscapedMappedQueryParams projects/2d62a3e9da726942a93cf16b6e91c0187e6c0136/http-request/lib/src/test/java/com/github/kevinsawicki/http/HttpRequestTest.java
RUNNING Surefire 1 time(s) on polluter com.github.kevinsawicki.http.HttpRequestTest#customConnectionFactory and victim #lib with type OD-Vic from project http-request sha http-request module 2d62a3e9da726942a93cf16b6e91c0187e6c0136               
STARTING at Thu Sep 21 03:08:02 UTC 2023
2b5ee59a65c0769bff95d3a7f5e63c7fa5d2183d
/home/azureuser/flaky/projects//http-request/http-request
java version:
CURRENT DIR /home/azureuser/flaky
mvn test -pl 2d62a3e9da726942a93cf16b6e91c0187e6c0136 -Dsurefire.runOrder=testorder -Dtest=com.github.kevinsawicki.http.HttpRequestTest#customConnectionFactory,#lib -Drat.skip -Dcheckstyle.skip -Denforcer.skip=true -Dspotbugs.skip -Dmaven.test.failure.ignore=true -Djacoco.skip -Danimal.sniffer.skip -Dmaven.antrun.skip -Djacoco.skip --log-file /home/azureuser/flaky/output_run2/verify_patches_surefire_logs/http-request_http-request//BeforeFix/{1..1}.log
[INFO] Scanning for projects...
[ERROR] [ERROR] Could not find the selected project in the reactor: 2d62a3e9da726942a93cf16b6e91c0187e6c0136 @ 
[ERROR] Could not find the selected project in the reactor: 2d62a3e9da726942a93cf16b6e91c0187e6c0136 -> [Help 1]
[ERROR] 
[ERROR] To see the full stack trace of the errors, re-run Maven with the -e switch.
[ERROR] Re-run Maven using the -X switch to enable full debug logging.
[ERROR] 
[ERROR] For more information about the errors and possible solutions, please read the following articles:
[ERROR] [Help 1] http://cwiki.apache.org/confluence/display/MAVEN/MavenExecutionException
ENDING at Thu Sep 21 03:08:03 UTC 2023

get_line_location_msg
[]
[]
time: 0 lib Could not find the selected project in the reactor: 2d62a3e9da726942a93cf16b6e91c0187e6c0136 @

To see the full stack trace of the errors, re-run Maven with the -e switch.
Re-run Maven using the -X switch to enable full debug logging. 
********** START #13 2023-09-21 03:08:04.281870 http-request 2d62a3e9da726942a93cf16b6e91c0187e6c0136 lib *************************************
ERROR 'NoneType' object is not subscriptable
*EXCEPTION*
[****BAD FIXES ***_other_exception_**] Fix test lib with type OD-Vic from project http-request sha http-request module 2d62a3e9da726942a93cf16b6e91c0187e6c0136                     
*********** END #13 2023-09-21 03:08:04.282085 http-request 2d62a3e9da726942a93cf16b6e91c0187e6c0136 lib *************************************
*** lib
[Before fix] Running victim lib with type OD-Vic from project http-request sha http-request module 2d62a3e9da726942a93cf16b6e91c0187e6c0136
git checkout projects/2d62a3e9da726942a93cf16b6e91c0187e6c0136/http-request/lib/src/test/java/com/github/kevinsawicki/http/HttpRequestTest.java

git stash
No local changes to save

OD-Vic http-request http-request com.github.kevinsawicki.http.HttpRequestTest#customConnectionFactory #lib 2d62a3e9da726942a93cf16b6e91c0187e6c0136 /home/azureuser/flaky/projects/ BeforeFix 1 com.github.kevinsawicki.http.HttpRequestTest.getWithEscapedVarargsQueryParams projects/2d62a3e9da726942a93cf16b6e91c0187e6c0136/http-request/lib/src/test/java/com/github/kevinsawicki/http/HttpRequestTest.java
RUNNING Surefire 1 time(s) on polluter com.github.kevinsawicki.http.HttpRequestTest#customConnectionFactory and victim #lib with type OD-Vic from project http-request sha http-request module 2d62a3e9da726942a93cf16b6e91c0187e6c0136               
STARTING at Thu Sep 21 03:08:04 UTC 2023
2b5ee59a65c0769bff95d3a7f5e63c7fa5d2183d
/home/azureuser/flaky/projects//http-request/http-request
java version:
CURRENT DIR /home/azureuser/flaky
mvn test -pl 2d62a3e9da726942a93cf16b6e91c0187e6c0136 -Dsurefire.runOrder=testorder -Dtest=com.github.kevinsawicki.http.HttpRequestTest#customConnectionFactory,#lib -Drat.skip -Dcheckstyle.skip -Denforcer.skip=true -Dspotbugs.skip -Dmaven.test.failure.ignore=true -Djacoco.skip -Danimal.sniffer.skip -Dmaven.antrun.skip -Djacoco.skip --log-file /home/azureuser/flaky/output_run2/verify_patches_surefire_logs/http-request_http-request//BeforeFix/{1..1}.log
[INFO] Scanning for projects...
[ERROR] [ERROR] Could not find the selected project in the reactor: 2d62a3e9da726942a93cf16b6e91c0187e6c0136 @ 
[ERROR] Could not find the selected project in the reactor: 2d62a3e9da726942a93cf16b6e91c0187e6c0136 -> [Help 1]
[ERROR] 
[ERROR] To see the full stack trace of the errors, re-run Maven with the -e switch.
[ERROR] Re-run Maven using the -X switch to enable full debug logging.
[ERROR] 
[ERROR] For more information about the errors and possible solutions, please read the following articles:
[ERROR] [Help 1] http://cwiki.apache.org/confluence/display/MAVEN/MavenExecutionException
ENDING at Thu Sep 21 03:08:06 UTC 2023

get_line_location_msg
[]
[]
time: 0 lib Could not find the selected project in the reactor: 2d62a3e9da726942a93cf16b6e91c0187e6c0136 @

To see the full stack trace of the errors, re-run Maven with the -e switch.
Re-run Maven using the -X switch to enable full debug logging. 
********** START #14 2023-09-21 03:08:06.445747 http-request 2d62a3e9da726942a93cf16b6e91c0187e6c0136 lib *************************************
ERROR 'NoneType' object is not subscriptable
*EXCEPTION*
[****BAD FIXES ***_other_exception_**] Fix test lib with type OD-Vic from project http-request sha http-request module 2d62a3e9da726942a93cf16b6e91c0187e6c0136                     
*********** END #14 2023-09-21 03:08:06.445972 http-request 2d62a3e9da726942a93cf16b6e91c0187e6c0136 lib *************************************
*** lib
[Before fix] Running victim lib with type OD-Vic from project http-request sha http-request module 2d62a3e9da726942a93cf16b6e91c0187e6c0136
git checkout projects/2d62a3e9da726942a93cf16b6e91c0187e6c0136/http-request/lib/src/test/java/com/github/kevinsawicki/http/HttpRequestTest.java

git stash
No local changes to save

OD-Vic http-request http-request com.github.kevinsawicki.http.HttpRequestTest#customConnectionFactory #lib 2d62a3e9da726942a93cf16b6e91c0187e6c0136 /home/azureuser/flaky/projects/ BeforeFix 1 com.github.kevinsawicki.http.HttpRequestTest.getWithMappedQueryParams projects/2d62a3e9da726942a93cf16b6e91c0187e6c0136/http-request/lib/src/test/java/com/github/kevinsawicki/http/HttpRequestTest.java
RUNNING Surefire 1 time(s) on polluter com.github.kevinsawicki.http.HttpRequestTest#customConnectionFactory and victim #lib with type OD-Vic from project http-request sha http-request module 2d62a3e9da726942a93cf16b6e91c0187e6c0136               
STARTING at Thu Sep 21 03:08:06 UTC 2023
2b5ee59a65c0769bff95d3a7f5e63c7fa5d2183d
/home/azureuser/flaky/projects//http-request/http-request
java version:
CURRENT DIR /home/azureuser/flaky
mvn test -pl 2d62a3e9da726942a93cf16b6e91c0187e6c0136 -Dsurefire.runOrder=testorder -Dtest=com.github.kevinsawicki.http.HttpRequestTest#customConnectionFactory,#lib -Drat.skip -Dcheckstyle.skip -Denforcer.skip=true -Dspotbugs.skip -Dmaven.test.failure.ignore=true -Djacoco.skip -Danimal.sniffer.skip -Dmaven.antrun.skip -Djacoco.skip --log-file /home/azureuser/flaky/output_run2/verify_patches_surefire_logs/http-request_http-request//BeforeFix/{1..1}.log
[INFO] Scanning for projects...
[ERROR] [ERROR] Could not find the selected project in the reactor: 2d62a3e9da726942a93cf16b6e91c0187e6c0136 @ 
[ERROR] Could not find the selected project in the reactor: 2d62a3e9da726942a93cf16b6e91c0187e6c0136 -> [Help 1]
[ERROR] 
[ERROR] To see the full stack trace of the errors, re-run Maven with the -e switch.
[ERROR] Re-run Maven using the -X switch to enable full debug logging.
[ERROR] 
[ERROR] For more information about the errors and possible solutions, please read the following articles:
[ERROR] [Help 1] http://cwiki.apache.org/confluence/display/MAVEN/MavenExecutionException
ENDING at Thu Sep 21 03:08:08 UTC 2023

get_line_location_msg
[]
[]
time: 0 lib Could not find the selected project in the reactor: 2d62a3e9da726942a93cf16b6e91c0187e6c0136 @

To see the full stack trace of the errors, re-run Maven with the -e switch.
Re-run Maven using the -X switch to enable full debug logging. 
********** START #15 2023-09-21 03:08:08.519719 http-request 2d62a3e9da726942a93cf16b6e91c0187e6c0136 lib *************************************
ERROR 'NoneType' object is not subscriptable
*EXCEPTION*
[****BAD FIXES ***_other_exception_**] Fix test lib with type OD-Vic from project http-request sha http-request module 2d62a3e9da726942a93cf16b6e91c0187e6c0136                     
*********** END #15 2023-09-21 03:08:08.520027 http-request 2d62a3e9da726942a93cf16b6e91c0187e6c0136 lib *************************************
*** lib
[Before fix] Running victim lib with type OD-Vic from project http-request sha http-request module 2d62a3e9da726942a93cf16b6e91c0187e6c0136
git checkout projects/2d62a3e9da726942a93cf16b6e91c0187e6c0136/http-request/lib/src/test/java/com/github/kevinsawicki/http/HttpRequestTest.java

git stash
No local changes to save

OD-Vic http-request http-request com.github.kevinsawicki.http.HttpRequestTest#customConnectionFactory #lib 2d62a3e9da726942a93cf16b6e91c0187e6c0136 /home/azureuser/flaky/projects/ BeforeFix 1 com.github.kevinsawicki.http.HttpRequestTest.headWithEscapedMappedQueryParams projects/2d62a3e9da726942a93cf16b6e91c0187e6c0136/http-request/lib/src/test/java/com/github/kevinsawicki/http/HttpRequestTest.java
RUNNING Surefire 1 time(s) on polluter com.github.kevinsawicki.http.HttpRequestTest#customConnectionFactory and victim #lib with type OD-Vic from project http-request sha http-request module 2d62a3e9da726942a93cf16b6e91c0187e6c0136               
STARTING at Thu Sep 21 03:08:08 UTC 2023
2b5ee59a65c0769bff95d3a7f5e63c7fa5d2183d
/home/azureuser/flaky/projects//http-request/http-request
java version:
CURRENT DIR /home/azureuser/flaky
mvn test -pl 2d62a3e9da726942a93cf16b6e91c0187e6c0136 -Dsurefire.runOrder=testorder -Dtest=com.github.kevinsawicki.http.HttpRequestTest#customConnectionFactory,#lib -Drat.skip -Dcheckstyle.skip -Denforcer.skip=true -Dspotbugs.skip -Dmaven.test.failure.ignore=true -Djacoco.skip -Danimal.sniffer.skip -Dmaven.antrun.skip -Djacoco.skip --log-file /home/azureuser/flaky/output_run2/verify_patches_surefire_logs/http-request_http-request//BeforeFix/{1..1}.log
[INFO] Scanning for projects...
[ERROR] [ERROR] Could not find the selected project in the reactor: 2d62a3e9da726942a93cf16b6e91c0187e6c0136 @ 
[ERROR] Could not find the selected project in the reactor: 2d62a3e9da726942a93cf16b6e91c0187e6c0136 -> [Help 1]
[ERROR] 
[ERROR] To see the full stack trace of the errors, re-run Maven with the -e switch.
[ERROR] Re-run Maven using the -X switch to enable full debug logging.
[ERROR] 
[ERROR] For more information about the errors and possible solutions, please read the following articles:
[ERROR] [Help 1] http://cwiki.apache.org/confluence/display/MAVEN/MavenExecutionException
ENDING at Thu Sep 21 03:08:10 UTC 2023

get_line_location_msg
[]
[]
time: 0 lib Could not find the selected project in the reactor: 2d62a3e9da726942a93cf16b6e91c0187e6c0136 @

To see the full stack trace of the errors, re-run Maven with the -e switch.
Re-run Maven using the -X switch to enable full debug logging. 
********** START #16 2023-09-21 03:08:10.606779 http-request 2d62a3e9da726942a93cf16b6e91c0187e6c0136 lib *************************************
ERROR 'NoneType' object is not subscriptable
*EXCEPTION*
[****BAD FIXES ***_other_exception_**] Fix test lib with type OD-Vic from project http-request sha http-request module 2d62a3e9da726942a93cf16b6e91c0187e6c0136                     
*********** END #16 2023-09-21 03:08:10.607039 http-request 2d62a3e9da726942a93cf16b6e91c0187e6c0136 lib *************************************
*** lib
[Before fix] Running victim lib with type OD-Vic from project http-request sha http-request module 2d62a3e9da726942a93cf16b6e91c0187e6c0136
git checkout projects/2d62a3e9da726942a93cf16b6e91c0187e6c0136/http-request/lib/src/test/java/com/github/kevinsawicki/http/HttpRequestTest.java

git stash
No local changes to save

OD-Vic http-request http-request com.github.kevinsawicki.http.HttpRequestTest#customConnectionFactory #lib 2d62a3e9da726942a93cf16b6e91c0187e6c0136 /home/azureuser/flaky/projects/ BeforeFix 1 com.github.kevinsawicki.http.HttpRequestTest.headWithEscapedVarargsQueryParams projects/2d62a3e9da726942a93cf16b6e91c0187e6c0136/http-request/lib/src/test/java/com/github/kevinsawicki/http/HttpRequestTest.java
RUNNING Surefire 1 time(s) on polluter com.github.kevinsawicki.http.HttpRequestTest#customConnectionFactory and victim #lib with type OD-Vic from project http-request sha http-request module 2d62a3e9da726942a93cf16b6e91c0187e6c0136               
STARTING at Thu Sep 21 03:08:10 UTC 2023
2b5ee59a65c0769bff95d3a7f5e63c7fa5d2183d
/home/azureuser/flaky/projects//http-request/http-request
java version:
CURRENT DIR /home/azureuser/flaky
mvn test -pl 2d62a3e9da726942a93cf16b6e91c0187e6c0136 -Dsurefire.runOrder=testorder -Dtest=com.github.kevinsawicki.http.HttpRequestTest#customConnectionFactory,#lib -Drat.skip -Dcheckstyle.skip -Denforcer.skip=true -Dspotbugs.skip -Dmaven.test.failure.ignore=true -Djacoco.skip -Danimal.sniffer.skip -Dmaven.antrun.skip -Djacoco.skip --log-file /home/azureuser/flaky/output_run2/verify_patches_surefire_logs/http-request_http-request//BeforeFix/{1..1}.log
[INFO] Scanning for projects...
[ERROR] [ERROR] Could not find the selected project in the reactor: 2d62a3e9da726942a93cf16b6e91c0187e6c0136 @ 
[ERROR] Could not find the selected project in the reactor: 2d62a3e9da726942a93cf16b6e91c0187e6c0136 -> [Help 1]
[ERROR] 
[ERROR] To see the full stack trace of the errors, re-run Maven with the -e switch.
[ERROR] Re-run Maven using the -X switch to enable full debug logging.
[ERROR] 
[ERROR] For more information about the errors and possible solutions, please read the following articles:
[ERROR] [Help 1] http://cwiki.apache.org/confluence/display/MAVEN/MavenExecutionException
ENDING at Thu Sep 21 03:08:12 UTC 2023

get_line_location_msg
[]
[]
time: 0 lib Could not find the selected project in the reactor: 2d62a3e9da726942a93cf16b6e91c0187e6c0136 @

To see the full stack trace of the errors, re-run Maven with the -e switch.
Re-run Maven using the -X switch to enable full debug logging. 
********** START #17 2023-09-21 03:08:12.657057 http-request 2d62a3e9da726942a93cf16b6e91c0187e6c0136 lib *************************************
ERROR 'NoneType' object is not subscriptable
*EXCEPTION*
[****BAD FIXES ***_other_exception_**] Fix test lib with type OD-Vic from project http-request sha http-request module 2d62a3e9da726942a93cf16b6e91c0187e6c0136                     
*********** END #17 2023-09-21 03:08:12.657284 http-request 2d62a3e9da726942a93cf16b6e91c0187e6c0136 lib *************************************
*** lib
[Before fix] Running victim lib with type OD-Vic from project http-request sha http-request module 2d62a3e9da726942a93cf16b6e91c0187e6c0136
git checkout projects/2d62a3e9da726942a93cf16b6e91c0187e6c0136/http-request/lib/src/test/java/com/github/kevinsawicki/http/HttpRequestTest.java

git stash
No local changes to save

OD-Vic http-request http-request com.github.kevinsawicki.http.HttpRequestTest#customConnectionFactory #lib 2d62a3e9da726942a93cf16b6e91c0187e6c0136 /home/azureuser/flaky/projects/ BeforeFix 1 com.github.kevinsawicki.http.HttpRequestTest.headWithMappedQueryParams projects/2d62a3e9da726942a93cf16b6e91c0187e6c0136/http-request/lib/src/test/java/com/github/kevinsawicki/http/HttpRequestTest.java
RUNNING Surefire 1 time(s) on polluter com.github.kevinsawicki.http.HttpRequestTest#customConnectionFactory and victim #lib with type OD-Vic from project http-request sha http-request module 2d62a3e9da726942a93cf16b6e91c0187e6c0136               
STARTING at Thu Sep 21 03:08:12 UTC 2023
2b5ee59a65c0769bff95d3a7f5e63c7fa5d2183d
/home/azureuser/flaky/projects//http-request/http-request
java version:
CURRENT DIR /home/azureuser/flaky
mvn test -pl 2d62a3e9da726942a93cf16b6e91c0187e6c0136 -Dsurefire.runOrder=testorder -Dtest=com.github.kevinsawicki.http.HttpRequestTest#customConnectionFactory,#lib -Drat.skip -Dcheckstyle.skip -Denforcer.skip=true -Dspotbugs.skip -Dmaven.test.failure.ignore=true -Djacoco.skip -Danimal.sniffer.skip -Dmaven.antrun.skip -Djacoco.skip --log-file /home/azureuser/flaky/output_run2/verify_patches_surefire_logs/http-request_http-request//BeforeFix/{1..1}.log
[INFO] Scanning for projects...
[ERROR] [ERROR] Could not find the selected project in the reactor: 2d62a3e9da726942a93cf16b6e91c0187e6c0136 @ 
[ERROR] Could not find the selected project in the reactor: 2d62a3e9da726942a93cf16b6e91c0187e6c0136 -> [Help 1]
[ERROR] 
[ERROR] To see the full stack trace of the errors, re-run Maven with the -e switch.
[ERROR] Re-run Maven using the -X switch to enable full debug logging.
[ERROR] 
[ERROR] For more information about the errors and possible solutions, please read the following articles:
[ERROR] [Help 1] http://cwiki.apache.org/confluence/display/MAVEN/MavenExecutionException
ENDING at Thu Sep 21 03:08:14 UTC 2023

get_line_location_msg
[]
[]
time: 0 lib Could not find the selected project in the reactor: 2d62a3e9da726942a93cf16b6e91c0187e6c0136 @

To see the full stack trace of the errors, re-run Maven with the -e switch.
Re-run Maven using the -X switch to enable full debug logging. 
********** START #18 2023-09-21 03:08:14.938086 http-request 2d62a3e9da726942a93cf16b6e91c0187e6c0136 lib *************************************
ERROR 'NoneType' object is not subscriptable
*EXCEPTION*
[****BAD FIXES ***_other_exception_**] Fix test lib with type OD-Vic from project http-request sha http-request module 2d62a3e9da726942a93cf16b6e91c0187e6c0136                     
*********** END #18 2023-09-21 03:08:14.938312 http-request 2d62a3e9da726942a93cf16b6e91c0187e6c0136 lib *************************************
*** lib
[Before fix] Running victim lib with type OD-Vic from project http-request sha http-request module 2d62a3e9da726942a93cf16b6e91c0187e6c0136
git checkout projects/2d62a3e9da726942a93cf16b6e91c0187e6c0136/http-request/lib/src/test/java/com/github/kevinsawicki/http/HttpRequestTest.java

git stash
No local changes to save

OD-Vic http-request http-request com.github.kevinsawicki.http.HttpRequestTest#customConnectionFactory #lib 2d62a3e9da726942a93cf16b6e91c0187e6c0136 /home/azureuser/flaky/projects/ BeforeFix 1 com.github.kevinsawicki.http.HttpRequestTest.headWithVaragsQueryParams projects/2d62a3e9da726942a93cf16b6e91c0187e6c0136/http-request/lib/src/test/java/com/github/kevinsawicki/http/HttpRequestTest.java
RUNNING Surefire 1 time(s) on polluter com.github.kevinsawicki.http.HttpRequestTest#customConnectionFactory and victim #lib with type OD-Vic from project http-request sha http-request module 2d62a3e9da726942a93cf16b6e91c0187e6c0136               
STARTING at Thu Sep 21 03:08:14 UTC 2023
2b5ee59a65c0769bff95d3a7f5e63c7fa5d2183d
/home/azureuser/flaky/projects//http-request/http-request
java version:
CURRENT DIR /home/azureuser/flaky
mvn test -pl 2d62a3e9da726942a93cf16b6e91c0187e6c0136 -Dsurefire.runOrder=testorder -Dtest=com.github.kevinsawicki.http.HttpRequestTest#customConnectionFactory,#lib -Drat.skip -Dcheckstyle.skip -Denforcer.skip=true -Dspotbugs.skip -Dmaven.test.failure.ignore=true -Djacoco.skip -Danimal.sniffer.skip -Dmaven.antrun.skip -Djacoco.skip --log-file /home/azureuser/flaky/output_run2/verify_patches_surefire_logs/http-request_http-request//BeforeFix/{1..1}.log
[INFO] Scanning for projects...
[ERROR] [ERROR] Could not find the selected project in the reactor: 2d62a3e9da726942a93cf16b6e91c0187e6c0136 @ 
[ERROR] Could not find the selected project in the reactor: 2d62a3e9da726942a93cf16b6e91c0187e6c0136 -> [Help 1]
[ERROR] 
[ERROR] To see the full stack trace of the errors, re-run Maven with the -e switch.
[ERROR] Re-run Maven using the -X switch to enable full debug logging.
[ERROR] 
[ERROR] For more information about the errors and possible solutions, please read the following articles:
[ERROR] [Help 1] http://cwiki.apache.org/confluence/display/MAVEN/MavenExecutionException
ENDING at Thu Sep 21 03:08:16 UTC 2023

get_line_location_msg
[]
[]
time: 0 lib Could not find the selected project in the reactor: 2d62a3e9da726942a93cf16b6e91c0187e6c0136 @

To see the full stack trace of the errors, re-run Maven with the -e switch.
Re-run Maven using the -X switch to enable full debug logging. 
********** START #19 2023-09-21 03:08:17.136522 http-request 2d62a3e9da726942a93cf16b6e91c0187e6c0136 lib *************************************
ERROR 'NoneType' object is not subscriptable
*EXCEPTION*
[****BAD FIXES ***_other_exception_**] Fix test lib with type OD-Vic from project http-request sha http-request module 2d62a3e9da726942a93cf16b6e91c0187e6c0136                     
*********** END #19 2023-09-21 03:08:17.136758 http-request 2d62a3e9da726942a93cf16b6e91c0187e6c0136 lib *************************************
*** lib
[Before fix] Running victim lib with type OD-Vic from project http-request sha http-request module 2d62a3e9da726942a93cf16b6e91c0187e6c0136
git checkout projects/2d62a3e9da726942a93cf16b6e91c0187e6c0136/http-request/lib/src/test/java/com/github/kevinsawicki/http/HttpRequestTest.java

git stash
No local changes to save

OD-Vic http-request http-request com.github.kevinsawicki.http.HttpRequestTest#customConnectionFactory #lib 2d62a3e9da726942a93cf16b6e91c0187e6c0136 /home/azureuser/flaky/projects/ BeforeFix 1 com.github.kevinsawicki.http.HttpRequestTest.postWithEscapedMappedQueryParams projects/2d62a3e9da726942a93cf16b6e91c0187e6c0136/http-request/lib/src/test/java/com/github/kevinsawicki/http/HttpRequestTest.java
RUNNING Surefire 1 time(s) on polluter com.github.kevinsawicki.http.HttpRequestTest#customConnectionFactory and victim #lib with type OD-Vic from project http-request sha http-request module 2d62a3e9da726942a93cf16b6e91c0187e6c0136               
STARTING at Thu Sep 21 03:08:17 UTC 2023
2b5ee59a65c0769bff95d3a7f5e63c7fa5d2183d
/home/azureuser/flaky/projects//http-request/http-request
java version:
CURRENT DIR /home/azureuser/flaky
mvn test -pl 2d62a3e9da726942a93cf16b6e91c0187e6c0136 -Dsurefire.runOrder=testorder -Dtest=com.github.kevinsawicki.http.HttpRequestTest#customConnectionFactory,#lib -Drat.skip -Dcheckstyle.skip -Denforcer.skip=true -Dspotbugs.skip -Dmaven.test.failure.ignore=true -Djacoco.skip -Danimal.sniffer.skip -Dmaven.antrun.skip -Djacoco.skip --log-file /home/azureuser/flaky/output_run2/verify_patches_surefire_logs/http-request_http-request//BeforeFix/{1..1}.log
[INFO] Scanning for projects...
[ERROR] [ERROR] Could not find the selected project in the reactor: 2d62a3e9da726942a93cf16b6e91c0187e6c0136 @ 
[ERROR] Could not find the selected project in the reactor: 2d62a3e9da726942a93cf16b6e91c0187e6c0136 -> [Help 1]
[ERROR] 
[ERROR] To see the full stack trace of the errors, re-run Maven with the -e switch.
[ERROR] Re-run Maven using the -X switch to enable full debug logging.
[ERROR] 
[ERROR] For more information about the errors and possible solutions, please read the following articles:
[ERROR] [Help 1] http://cwiki.apache.org/confluence/display/MAVEN/MavenExecutionException
ENDING at Thu Sep 21 03:08:18 UTC 2023

get_line_location_msg
[]
[]
time: 0 lib Could not find the selected project in the reactor: 2d62a3e9da726942a93cf16b6e91c0187e6c0136 @

To see the full stack trace of the errors, re-run Maven with the -e switch.
Re-run Maven using the -X switch to enable full debug logging. 
********** START #20 2023-09-21 03:08:19.466689 http-request 2d62a3e9da726942a93cf16b6e91c0187e6c0136 lib *************************************
ERROR 'NoneType' object is not subscriptable
*EXCEPTION*
[****BAD FIXES ***_other_exception_**] Fix test lib with type OD-Vic from project http-request sha http-request module 2d62a3e9da726942a93cf16b6e91c0187e6c0136                     
*********** END #20 2023-09-21 03:08:19.466931 http-request 2d62a3e9da726942a93cf16b6e91c0187e6c0136 lib *************************************
*** lib
[Before fix] Running victim lib with type OD-Vic from project http-request sha http-request module 2d62a3e9da726942a93cf16b6e91c0187e6c0136
git checkout projects/2d62a3e9da726942a93cf16b6e91c0187e6c0136/http-request/lib/src/test/java/com/github/kevinsawicki/http/HttpRequestTest.java

git stash
No local changes to save

OD-Vic http-request http-request com.github.kevinsawicki.http.HttpRequestTest#customConnectionFactory #lib 2d62a3e9da726942a93cf16b6e91c0187e6c0136 /home/azureuser/flaky/projects/ BeforeFix 1 com.github.kevinsawicki.http.HttpRequestTest.postWithEscapedVarargsQueryParams projects/2d62a3e9da726942a93cf16b6e91c0187e6c0136/http-request/lib/src/test/java/com/github/kevinsawicki/http/HttpRequestTest.java
RUNNING Surefire 1 time(s) on polluter com.github.kevinsawicki.http.HttpRequestTest#customConnectionFactory and victim #lib with type OD-Vic from project http-request sha http-request module 2d62a3e9da726942a93cf16b6e91c0187e6c0136               
STARTING at Thu Sep 21 03:08:19 UTC 2023
2b5ee59a65c0769bff95d3a7f5e63c7fa5d2183d
/home/azureuser/flaky/projects//http-request/http-request
java version:
CURRENT DIR /home/azureuser/flaky
mvn test -pl 2d62a3e9da726942a93cf16b6e91c0187e6c0136 -Dsurefire.runOrder=testorder -Dtest=com.github.kevinsawicki.http.HttpRequestTest#customConnectionFactory,#lib -Drat.skip -Dcheckstyle.skip -Denforcer.skip=true -Dspotbugs.skip -Dmaven.test.failure.ignore=true -Djacoco.skip -Danimal.sniffer.skip -Dmaven.antrun.skip -Djacoco.skip --log-file /home/azureuser/flaky/output_run2/verify_patches_surefire_logs/http-request_http-request//BeforeFix/{1..1}.log
[INFO] Scanning for projects...
[ERROR] [ERROR] Could not find the selected project in the reactor: 2d62a3e9da726942a93cf16b6e91c0187e6c0136 @ 
[ERROR] Could not find the selected project in the reactor: 2d62a3e9da726942a93cf16b6e91c0187e6c0136 -> [Help 1]
[ERROR] 
[ERROR] To see the full stack trace of the errors, re-run Maven with the -e switch.
[ERROR] Re-run Maven using the -X switch to enable full debug logging.
[ERROR] 
[ERROR] For more information about the errors and possible solutions, please read the following articles:
[ERROR] [Help 1] http://cwiki.apache.org/confluence/display/MAVEN/MavenExecutionException
ENDING at Thu Sep 21 03:08:21 UTC 2023

get_line_location_msg
[]
[]
time: 0 lib Could not find the selected project in the reactor: 2d62a3e9da726942a93cf16b6e91c0187e6c0136 @

To see the full stack trace of the errors, re-run Maven with the -e switch.
Re-run Maven using the -X switch to enable full debug logging. 
********** START #21 2023-09-21 03:08:21.579041 http-request 2d62a3e9da726942a93cf16b6e91c0187e6c0136 lib *************************************
ERROR 'NoneType' object is not subscriptable
*EXCEPTION*
[****BAD FIXES ***_other_exception_**] Fix test lib with type OD-Vic from project http-request sha http-request module 2d62a3e9da726942a93cf16b6e91c0187e6c0136                     
*********** END #21 2023-09-21 03:08:21.579277 http-request 2d62a3e9da726942a93cf16b6e91c0187e6c0136 lib *************************************
*** lib
[Before fix] Running victim lib with type OD-Vic from project http-request sha http-request module 2d62a3e9da726942a93cf16b6e91c0187e6c0136
git checkout projects/2d62a3e9da726942a93cf16b6e91c0187e6c0136/http-request/lib/src/test/java/com/github/kevinsawicki/http/HttpRequestTest.java

git stash
No local changes to save

OD-Vic http-request http-request com.github.kevinsawicki.http.HttpRequestTest#customConnectionFactory #lib 2d62a3e9da726942a93cf16b6e91c0187e6c0136 /home/azureuser/flaky/projects/ BeforeFix 1 com.github.kevinsawicki.http.HttpRequestTest.postWithMappedQueryParams projects/2d62a3e9da726942a93cf16b6e91c0187e6c0136/http-request/lib/src/test/java/com/github/kevinsawicki/http/HttpRequestTest.java
RUNNING Surefire 1 time(s) on polluter com.github.kevinsawicki.http.HttpRequestTest#customConnectionFactory and victim #lib with type OD-Vic from project http-request sha http-request module 2d62a3e9da726942a93cf16b6e91c0187e6c0136               
STARTING at Thu Sep 21 03:08:21 UTC 2023
2b5ee59a65c0769bff95d3a7f5e63c7fa5d2183d
/home/azureuser/flaky/projects//http-request/http-request
java version:
CURRENT DIR /home/azureuser/flaky
mvn test -pl 2d62a3e9da726942a93cf16b6e91c0187e6c0136 -Dsurefire.runOrder=testorder -Dtest=com.github.kevinsawicki.http.HttpRequestTest#customConnectionFactory,#lib -Drat.skip -Dcheckstyle.skip -Denforcer.skip=true -Dspotbugs.skip -Dmaven.test.failure.ignore=true -Djacoco.skip -Danimal.sniffer.skip -Dmaven.antrun.skip -Djacoco.skip --log-file /home/azureuser/flaky/output_run2/verify_patches_surefire_logs/http-request_http-request//BeforeFix/{1..1}.log
[INFO] Scanning for projects...
[ERROR] [ERROR] Could not find the selected project in the reactor: 2d62a3e9da726942a93cf16b6e91c0187e6c0136 @ 
[ERROR] Could not find the selected project in the reactor: 2d62a3e9da726942a93cf16b6e91c0187e6c0136 -> [Help 1]
[ERROR] 
[ERROR] To see the full stack trace of the errors, re-run Maven with the -e switch.
[ERROR] Re-run Maven using the -X switch to enable full debug logging.
[ERROR] 
[ERROR] For more information about the errors and possible solutions, please read the following articles:
[ERROR] [Help 1] http://cwiki.apache.org/confluence/display/MAVEN/MavenExecutionException
ENDING at Thu Sep 21 03:08:23 UTC 2023

get_line_location_msg
[]
[]
time: 0 lib Could not find the selected project in the reactor: 2d62a3e9da726942a93cf16b6e91c0187e6c0136 @

To see the full stack trace of the errors, re-run Maven with the -e switch.
Re-run Maven using the -X switch to enable full debug logging. 
********** START #22 2023-09-21 03:08:23.814264 http-request 2d62a3e9da726942a93cf16b6e91c0187e6c0136 lib *************************************
ERROR 'NoneType' object is not subscriptable
*EXCEPTION*
[****BAD FIXES ***_other_exception_**] Fix test lib with type OD-Vic from project http-request sha http-request module 2d62a3e9da726942a93cf16b6e91c0187e6c0136                     
*********** END #22 2023-09-21 03:08:23.814499 http-request 2d62a3e9da726942a93cf16b6e91c0187e6c0136 lib *************************************
*** lib
[Before fix] Running victim lib with type OD-Vic from project http-request sha http-request module 2d62a3e9da726942a93cf16b6e91c0187e6c0136
git checkout projects/2d62a3e9da726942a93cf16b6e91c0187e6c0136/http-request/lib/src/test/java/com/github/kevinsawicki/http/HttpRequestTest.java

git stash
No local changes to save

OD-Vic http-request http-request com.github.kevinsawicki.http.HttpRequestTest#customConnectionFactory #lib 2d62a3e9da726942a93cf16b6e91c0187e6c0136 /home/azureuser/flaky/projects/ BeforeFix 1 com.github.kevinsawicki.http.HttpRequestTest.postWithNumericQueryParams projects/2d62a3e9da726942a93cf16b6e91c0187e6c0136/http-request/lib/src/test/java/com/github/kevinsawicki/http/HttpRequestTest.java
RUNNING Surefire 1 time(s) on polluter com.github.kevinsawicki.http.HttpRequestTest#customConnectionFactory and victim #lib with type OD-Vic from project http-request sha http-request module 2d62a3e9da726942a93cf16b6e91c0187e6c0136               
STARTING at Thu Sep 21 03:08:23 UTC 2023
2b5ee59a65c0769bff95d3a7f5e63c7fa5d2183d
/home/azureuser/flaky/projects//http-request/http-request
java version:
CURRENT DIR /home/azureuser/flaky
mvn test -pl 2d62a3e9da726942a93cf16b6e91c0187e6c0136 -Dsurefire.runOrder=testorder -Dtest=com.github.kevinsawicki.http.HttpRequestTest#customConnectionFactory,#lib -Drat.skip -Dcheckstyle.skip -Denforcer.skip=true -Dspotbugs.skip -Dmaven.test.failure.ignore=true -Djacoco.skip -Danimal.sniffer.skip -Dmaven.antrun.skip -Djacoco.skip --log-file /home/azureuser/flaky/output_run2/verify_patches_surefire_logs/http-request_http-request//BeforeFix/{1..1}.log
[INFO] Scanning for projects...
[ERROR] [ERROR] Could not find the selected project in the reactor: 2d62a3e9da726942a93cf16b6e91c0187e6c0136 @ 
[ERROR] Could not find the selected project in the reactor: 2d62a3e9da726942a93cf16b6e91c0187e6c0136 -> [Help 1]
[ERROR] 
[ERROR] To see the full stack trace of the errors, re-run Maven with the -e switch.
[ERROR] Re-run Maven using the -X switch to enable full debug logging.
[ERROR] 
[ERROR] For more information about the errors and possible solutions, please read the following articles:
[ERROR] [Help 1] http://cwiki.apache.org/confluence/display/MAVEN/MavenExecutionException
ENDING at Thu Sep 21 03:08:25 UTC 2023

get_line_location_msg
[]
[]
time: 0 lib Could not find the selected project in the reactor: 2d62a3e9da726942a93cf16b6e91c0187e6c0136 @

To see the full stack trace of the errors, re-run Maven with the -e switch.
Re-run Maven using the -X switch to enable full debug logging. 
********** START #23 2023-09-21 03:08:25.908364 http-request 2d62a3e9da726942a93cf16b6e91c0187e6c0136 lib *************************************
ERROR 'NoneType' object is not subscriptable
*EXCEPTION*
[****BAD FIXES ***_other_exception_**] Fix test lib with type OD-Vic from project http-request sha http-request module 2d62a3e9da726942a93cf16b6e91c0187e6c0136                     
*********** END #23 2023-09-21 03:08:25.908591 http-request 2d62a3e9da726942a93cf16b6e91c0187e6c0136 lib *************************************
=========compile error: 0 
 ===============test failures 0
filter tests
